[  6%] Building CXX object CMakeFiles/_hibeam_g4.dir/src/PrimaryEvent.cc.o
[  6%] Building CXX object CMakeFiles/_hibeam_g4.dir/src/MultiHits.cc.o
[  9%] Linking CXX shared library lib_hibeam_g4.so
[  9%] Built target _hibeam_g4
[ 12%] Building CXX object CMakeFiles/hibeam_g4.dir/hibeam_g4.cc.o
[ 22%] Building CXX object CMakeFiles/hibeam_g4.dir/src/Config.cc.o
[ 22%] Building CXX object CMakeFiles/hibeam_g4.dir/src/CSVPrimaryGenerator.cc.o
[ 22%] Building CXX object CMakeFiles/hibeam_g4.dir/src/ActionInitialization.cc.o
[ 25%] Building CXX object CMakeFiles/hibeam_g4.dir/src/ConvertGeo.cc.o
[ 29%] Building CXX object CMakeFiles/hibeam_g4.dir/src/EventAction.cc.o
[ 32%] Building CXX object CMakeFiles/hibeam_g4.dir/src/G4MCPLGenerator.cc.o
[ 35%] Building CXX object CMakeFiles/hibeam_g4.dir/src/GeometryController.cc.o
[ 38%] Building CXX object CMakeFiles/hibeam_g4.dir/src/MultiHits.cc.o
[ 41%] Building CXX object CMakeFiles/hibeam_g4.dir/src/ParquetWriter.cc.o
[ 45%] Building CXX object CMakeFiles/hibeam_g4.dir/src/PhysicsList.cc.o
[ 48%] Building CXX object CMakeFiles/hibeam_g4.dir/src/PrimaryEvent.cc.o
[ 51%] Building CXX object CMakeFiles/hibeam_g4.dir/src/PrimaryGeneratorAction.cc.o
[ 54%] Building CXX object CMakeFiles/hibeam_g4.dir/src/RunAction.cc.o
[ 58%] Building CXX object CMakeFiles/hibeam_g4.dir/src/RunData.cc.o
[ 61%] Building CXX object CMakeFiles/hibeam_g4.dir/src/SamplingD.cc.o
[ 64%] Building CXX object CMakeFiles/hibeam_g4.dir/src/ScatteringGenerator.cc.o
[ 67%] Building CXX object CMakeFiles/hibeam_g4.dir/src/ScatteringGeneratorAction.cc.o
[ 70%] Building CXX object CMakeFiles/hibeam_g4.dir/src/SensitiveD.cc.o
[ 74%] Building CXX object CMakeFiles/hibeam_g4.dir/src/SingleHit.cc.o
[ 77%] Building CXX object CMakeFiles/hibeam_g4.dir/src/SteppingAction.cc.o
[ 80%] Building CXX object CMakeFiles/hibeam_g4.dir/src/TPCSensitiveDetector.cc.o
[ 83%] Building CXX object CMakeFiles/hibeam_g4.dir/src/TPCTrackInfo.cc.o
[ 87%] Building CXX object CMakeFiles/hibeam_g4.dir/src/TPCTrackManager.cc.o
[ 90%] Building CXX object CMakeFiles/hibeam_g4.dir/src/VDetectorConstruction.cc.o
[ 93%] Building CXX object CMakeFiles/hibeam_g4.dir/src/WasaDetectorConstruction.cc.o
[ 96%] Building C object CMakeFiles/hibeam_g4.dir/src/mcpl.c.o
[100%] Linking CXX executable hibeam_g4
[100%] Built target hibeam_g4
